<?xml version="1.0" encoding="UTF-8"?>
<!-- Generated by org.testng.reporters.JUnitReportReporter -->
<testsuite skipped="0" hostname="Arjun" name="testcases.TC004_deleteAccount" tests="1" failures="0" timestamp="2022-08-06T22:51:17 IST" time="32.002" errors="0">
  <testcase name="deleteAccount" time="32.002" classname="testcases.TC004_deleteAccount"/>
  <system-out/>
</testsuite> <!-- testcases.TC004_deleteAccount -->
