<?xml version="1.0" encoding="UTF-8"?>
<!-- Generated by org.testng.reporters.JUnitReportReporter -->
<testsuite skipped="0" hostname="Arjun" name="testcases.TC003_editAccount" tests="1" failures="0" timestamp="2022-08-06T22:42:55 IST" time="56.266" errors="0">
  <testcase name="editAccounts" time="56.266" classname="testcases.TC003_editAccount"/>
  <system-out/>
</testsuite> <!-- testcases.TC003_editAccount -->
