<?xml version="1.0" encoding="UTF-8"?>
<!-- Generated by org.testng.reporters.JUnitReportReporter -->
<testsuite skipped="0" hostname="Arjun" name="testcases.TC002_createAccount" tests="1" failures="0" timestamp="2022-08-06T17:57:22 IST" time="22.691" errors="0">
  <testcase name="runcreateAccount" time="22.691" classname="testcases.TC002_createAccount"/>
  <system-out/>
</testsuite> <!-- testcases.TC002_createAccount -->
