<?xml version="1.0" encoding="UTF-8"?>
<!-- Generated by org.testng.reporters.JUnitReportReporter -->
<testsuite skipped="0" hostname="Arjun" name="testcases.TC005_createCase" tests="1" failures="0" timestamp="2022-08-14T16:56:52 IST" time="23.339" errors="0">
  <testcase name="runCreatecase" time="23.339" classname="testcases.TC005_createCase"/>
  <system-out/>
</testsuite> <!-- testcases.TC005_createCase -->
