<?xml version="1.0" encoding="UTF-8"?>
<!-- Generated by org.testng.reporters.JUnitReportReporter -->
<testsuite skipped="0" hostname="Arjun" name="testcases.TC001LoginLogout" tests="1" failures="0" timestamp="2022-08-06T15:56:58 IST" time="14.501" errors="0">
  <testcase name="runLogin" time="14.501" classname="testcases.TC001LoginLogout"/>
  <system-out/>
</testsuite> <!-- testcases.TC001LoginLogout -->
