<?xml version="1.0" encoding="UTF-8"?>
<!-- Generated by org.testng.reporters.JUnitReportReporter -->
<testsuite skipped="0" hostname="Arjun" name="testcases.TC007_deleteCase" tests="1" failures="0" timestamp="2022-08-14T17:20:45 IST" time="21.457" errors="0">
  <testcase name="runDeleteCase" time="21.457" classname="testcases.TC007_deleteCase"/>
  <system-out/>
</testsuite> <!-- testcases.TC007_deleteCase -->
